Using pre-set license
Built from '2020.3/staging' branch; Version is '2020.3.4f1 (0abb6314276a) revision 703331'; Using compiler version '192528614'; Build Type 'Release'
OS: 'Windows 10 Enterprise; OS build 18363.1379; Version 1909; 64bit' Language: 'en' Physical Memory: 7983 MB
BatchMode: 1, IsHumanControllingUs: 0, StartBugReporterOnCrash: 0, Is64bit: 1, IsPro: 0

 COMMAND LINE ARGUMENTS:
C:\Program Files\Unity\Hub\Editor\2020.3.4f1\Editor\Unity.exe
-adb2
-batchMode
-noUpm
-name
AssetImportWorker1
-projectPath
C:/Users/Apri/Documents/fighting
-logFile
Logs/AssetImportWorker1.log
-srvPort
49708
Successfully changed project path to: C:/Users/Apri/Documents/fighting
C:/Users/Apri/Documents/fighting
Using Asset Import Pipeline V2.
Refreshing native plugins compatible for Editor in 107.18 ms, found 0 plugins.
Preloading 0 native plugins for Editor in 0.00 ms.
Initialize engine version: 2020.3.4f1 (0abb6314276a)
[Subsystems] Discovering subsystems at path C:/Program Files/Unity/Hub/Editor/2020.3.4f1/Editor/Data/Resources/UnitySubsystems
[Subsystems] Discovering subsystems at path C:/Users/Apri/Documents/fighting/Assets
GfxDevice: creating device client; threaded=0
Direct3D:
    Version:  Direct3D 11.0 [level 10.0]
    Renderer: Intel(R) HD Graphics (ID=0x46)
    Vendor:   
    VRAM:     128 MB
    Driver:   8.15.10.2900
Initialize mono
Mono path[0] = 'C:/Program Files/Unity/Hub/Editor/2020.3.4f1/Editor/Data/Managed'
Mono path[1] = 'C:/Program Files/Unity/Hub/Editor/2020.3.4f1/Editor/Data/MonoBleedingEdge/lib/mono/unityjit'
Mono config path = 'C:/Program Files/Unity/Hub/Editor/2020.3.4f1/Editor/Data/MonoBleedingEdge/etc'
Using monoOptions --debugger-agent=transport=dt_socket,embedding=1,server=y,suspend=n,address=127.0.0.1:56212
Begin MonoManager ReloadAssembly
Registering precompiled unity dll's ...
Register platform support module: C:/Program Files/Unity/Hub/Editor/2020.3.4f1/Editor/Data/PlaybackEngines/WebGLSupport/UnityEditor.WebGL.Extensions.dll
Register platform support module: C:/Program Files/Unity/Hub/Editor/2020.3.4f1/Editor/Data/PlaybackEngines/WindowsStandaloneSupport/UnityEditor.WindowsStandalone.Extensions.dll
Registered in 0.006512 seconds.
Native extension for WindowsStandalone target not found
Native extension for WebGL target not found
Refreshing native plugins compatible for Editor in 95.02 ms, found 0 plugins.
Preloading 0 native plugins for Editor in 0.00 ms.
Mono: successfully reloaded assembly
- Completed reload, in  4.065 seconds
Platform modules already initialized, skipping
Registering precompiled user dll's ...
Registered in 0.002708 seconds.
Begin MonoManager ReloadAssembly
Native extension for WindowsStandalone target not found
Native extension for WebGL target not found
Refreshing native plugins compatible for Editor in 0.83 ms, found 0 plugins.
Preloading 0 native plugins for Editor in 0.00 ms.
Mono: successfully reloaded assembly
- Completed reload, in  3.079 seconds
Platform modules already initialized, skipping
========================================================================
Worker process is ready to serve import requests
Launched and connected shader compiler UnityShaderCompiler.exe after 0.39 seconds
Refreshing native plugins compatible for Editor in 0.66 ms, found 0 plugins.
Preloading 0 native plugins for Editor in 0.00 ms.
Unloading 1135 Unused Serialized files (Serialized files now loaded: 0)
System memory in use before: 59.2 MB.
System memory in use after: 59.2 MB.

Unloading 10 unused Assets to reduce memory usage. Loaded Objects now: 1579.
Total: 6.773500 ms (FindLiveObjects: 0.564000 ms CreateObjectMapping: 0.187500 ms MarkObjects: 5.765000 ms  DeleteObjects: 0.252600 ms)

========================================================================
Received Import Request.
  path: Assets/Prefabs/Enemy Prefab/Enemy.prefab
  artifactKey: Guid(e84a15dbe85dcce4ba2a405b92b53035) Importer(815301076,1909f56bfc062723c751e8b465ee728b)
Start importing Assets/Prefabs/Enemy Prefab/Enemy.prefab using Guid(e84a15dbe85dcce4ba2a405b92b53035) Importer(815301076,1909f56bfc062723c751e8b465ee728b)  -> (artifact id: '9ff2058fec48024075012bd5087d3521') in 1.503694 seconds
  Import took 1.540412 seconds .

========================================================================
Received Import Request.
  Time since last request: 0.011095 seconds.
  path: Assets/Prefabs/Player Prefab/Player.prefab
  artifactKey: Guid(f6102e38c7955fb43b96295edd83e0eb) Importer(815301076,1909f56bfc062723c751e8b465ee728b)
Start importing Assets/Prefabs/Player Prefab/Player.prefab using Guid(f6102e38c7955fb43b96295edd83e0eb) Importer(815301076,1909f56bfc062723c751e8b465ee728b)  -> (artifact id: '6d353090f6c08044a4ffb5a0c0b4ecf1') in 0.760734 seconds
  Import took 0.810204 seconds .

========================================================================
Received Prepare
Registering precompiled user dll's ...
Registered in 0.002133 seconds.
Begin MonoManager ReloadAssembly
Native extension for WindowsStandalone target not found
Native extension for WebGL target not found
Refreshing native plugins compatible for Editor in 0.61 ms, found 0 plugins.
Preloading 0 native plugins for Editor in 0.00 ms.
Mono: successfully reloaded assembly
- Completed reload, in  2.911 seconds
Platform modules already initialized, skipping
Refreshing native plugins compatible for Editor in 0.98 ms, found 0 plugins.
Preloading 0 native plugins for Editor in 0.00 ms.
Unloading 1122 Unused Serialized files (Serialized files now loaded: 0)
System memory in use before: 61.5 MB.
System memory in use after: 61.6 MB.

Unloading 5 unused Assets to reduce memory usage. Loaded Objects now: 1590.
Total: 4.737900 ms (FindLiveObjects: 0.680600 ms CreateObjectMapping: 0.128700 ms MarkObjects: 3.758500 ms  DeleteObjects: 0.166700 ms)

AssetImportWorkerClient::OnTransportError - code=2 error=End of file
